[10:47:46.845][INFO][CraftTweaker-EarlyInit]: CraftTweaker is running on a Minecraft 1.21.1 production client modded with platform Fabric
[10:47:46.852][INFO][CraftTweaker-EarlyInit]: Successfully injected RecipeFS file system
[10:47:50.074][INFO][CraftTweaker-Plugins]: Successfully identified and loaded plugin farmersdelight:crafttweaker_plugin
[10:47:50.074][INFO][CraftTweaker-Plugins]: Successfully identified and loaded plugin crafttweaker:fabric
[10:47:50.080][INFO][CraftTweaker-Plugins]: Successfully identified and loaded plugin crafttweaker:compatibility
[10:47:50.080][INFO][CraftTweaker-Plugins]: Successfully identified and loaded plugin crafttweaker:common
[10:47:50.397][INFO][CraftTweaker]: The following mods have explicit CraftTweaker support, provided through the CraftTweaker compatibility plugin:
[10:47:50.398][INFO][CraftTweaker]: - 'crafttweaker' version '21.0.27'
[10:47:50.398][INFO][CraftTweaker]: - 'farmersdelight' version '1.21.1-3.1.2+refabricated'
[10:47:50.675][INFO][CraftTweaker-ZenCode]: Started loading scripts for loader 'initialize'
[10:47:50.888][INFO][CraftTweaker-ZenCode]: Compiling and executing scripts
[10:47:50.914][INFO][CraftTweaker-ZenCode]: Successfully initialized modules [crafttweaker, expansions]
[10:47:50.990][INFO][CraftTweaker-ZenCode]: Execution for loader 'initialize' completed successfully
[10:58:52.201][INFO][CraftTweaker-ZenCode]: Started loading scripts for loader 'tags'
[10:58:52.234][INFO][CraftTweaker-ZenCode]: Compiling and executing scripts
[10:58:52.252][INFO][CraftTweaker-ZenCode]: Successfully initialized modules [crafttweaker, expansions]
[10:58:52.262][INFO][CraftTweaker-ZenCode]: Execution for loader 'tags' completed successfully
[10:58:52.672][INFO][CraftTweaker]: CraftTweaker reload starting!
[10:58:52.680][INFO][CraftTweaker-ZenCode]: Started loading scripts for loader 'crafttweaker'
[10:58:52.699][INFO][CraftTweaker-ZenCode]: Compiling and executing scripts
[10:58:53.125][INFO][CraftTweaker-ZenCode]: Successfully initialized modules [mods, vanilla/api/network/NetworkContext, vanilla/api/network/NetworkReceiver, crafttweaker, expansions]
[10:58:53.125][INFO][CraftTweaker-ZenCode]: Loading file 'archer_recipes.zs' with priority 0
[10:58:53.126][INFO][CraftTweaker-ZenCode]: Loading file 'armor_progress.zs' with priority 0
[10:58:53.128][INFO][CraftTweaker-ZenCode]: Loading file 'immersive_machines.zs' with priority 0
[10:58:53.130][INFO][CraftTweaker-ZenCode]: Loading file 'paladins_recipes.zs' with priority 0
[10:58:53.131][INFO][CraftTweaker-ZenCode]: Loading file 'warrior&rogues.zs' with priority 0
[10:58:53.190][INFO][CraftTweaker]: Removing 'crafting' recipes with output: '<item:archers:flint_spear>'
[10:58:53.198][INFO][CraftTweaker]: Removing 'crafting' recipes with output: '<item:archers:iron_spear>'
[10:58:53.201][INFO][CraftTweaker]: Removing 'crafting' recipes with output: '<item:archers:golden_spear>'
[10:58:53.203][INFO][CraftTweaker]: Removing 'crafting' recipes with output: '<item:archers:diamond_spear>'
[10:58:53.205][INFO][CraftTweaker]: Removing 'crafting' recipes with output: '<item:archers:aeternium_spear>'
[10:58:53.206][INFO][CraftTweaker]: Removing 'crafting' recipes with output: '<item:archers:crystal_shortbow>'
[10:58:53.207][INFO][CraftTweaker]: Removing 'crafting' recipes with output: '<item:archers:crystal_longbow>'
[10:58:53.214][INFO][CraftTweaker]: Adding 'minecraft:crafting' recipe, of type: "shaped", with name: 'crafttweaker:new_flint_spear' that outputs: '<item:archers:flint_spear>'
[10:58:53.214][INFO][CraftTweaker]: Adding 'minecraft:crafting' recipe, of type: "shaped", with name: 'crafttweaker:new_iron_spear' that outputs: '<item:archers:iron_spear>'
[10:58:53.214][INFO][CraftTweaker]: Adding 'minecraft:crafting' recipe, of type: "shaped", with name: 'crafttweaker:new_golden_spear' that outputs: '<item:archers:golden_spear>'
[10:58:53.214][INFO][CraftTweaker]: Adding 'minecraft:crafting' recipe, of type: "shaped", with name: 'crafttweaker:new_diamond_spear' that outputs: '<item:archers:diamond_spear>'
[10:58:53.215][INFO][CraftTweaker]: Adding 'minecraft:smithing' recipe, of type: "transform", with name: 'crafttweaker:netherite_to_aethernium_spear' that outputs: '<item:archers:aeternium_spear>'
[10:58:53.215][INFO][CraftTweaker]: Adding 'minecraft:smithing' recipe, of type: "transform", with name: 'crafttweaker:netherite_to_crystal_shortbow' that outputs: '<item:archers:crystal_shortbow>'
[10:58:53.215][INFO][CraftTweaker]: Adding 'minecraft:smithing' recipe, of type: "transform", with name: 'crafttweaker:netherite_to_crystal_longbow' that outputs: '<item:archers:crystal_longbow>'
[10:58:53.215][INFO][CraftTweaker]: Removing 'crafting' recipes with output: '<item:paladins:paladin_armor_head>'
[10:58:53.217][INFO][CraftTweaker]: Removing 'crafting' recipes with output: '<item:paladins:paladin_armor_chest>'
[10:58:53.218][INFO][CraftTweaker]: Removing 'crafting' recipes with output: '<item:paladins:paladin_armor_legs>'
[10:58:53.219][INFO][CraftTweaker]: Removing 'crafting' recipes with output: '<item:paladins:paladin_armor_feet>'
[10:58:53.220][INFO][CraftTweaker]: Removing 'crafting' recipes with output: '<item:paladins:crusader_armor_head>'
[10:58:53.221][INFO][CraftTweaker]: Removing 'crafting' recipes with output: '<item:paladins:crusader_armor_chest>'
[10:58:53.221][INFO][CraftTweaker]: Removing 'crafting' recipes with output: '<item:paladins:crusader_armor_legs>'
[10:58:53.222][INFO][CraftTweaker]: Removing 'crafting' recipes with output: '<item:paladins:crusader_armor_feet>'
[10:58:53.222][INFO][CraftTweaker]: Adding 'minecraft:crafting' recipe, of type: "shaped", with name: 'crafttweaker:new_paladin_armor_head' that outputs: '<item:paladins:paladin_armor_head>'
[10:58:53.223][INFO][CraftTweaker]: Adding 'minecraft:crafting' recipe, of type: "shaped", with name: 'crafttweaker:new_paladin_armor_chest' that outputs: '<item:paladins:paladin_armor_chest>'
[10:58:53.223][INFO][CraftTweaker]: Adding 'minecraft:crafting' recipe, of type: "shaped", with name: 'crafttweaker:new_paladin_armor_legs' that outputs: '<item:paladins:paladin_armor_legs>'
[10:58:53.223][INFO][CraftTweaker]: Adding 'minecraft:crafting' recipe, of type: "shaped", with name: 'crafttweaker:new_paladin_armor_feet' that outputs: '<item:paladins:paladin_armor_feet>'
[10:58:53.223][INFO][CraftTweaker]: Adding 'minecraft:crafting' recipe, of type: "shaped", with name: 'crafttweaker:new_crusader_armor_head' that outputs: '<item:paladins:crusader_armor_head>'
[10:58:53.224][INFO][CraftTweaker]: Adding 'minecraft:crafting' recipe, of type: "shaped", with name: 'crafttweaker:new_crusader_armor_chest' that outputs: '<item:paladins:crusader_armor_chest>'
[10:58:53.224][INFO][CraftTweaker]: Adding 'minecraft:crafting' recipe, of type: "shaped", with name: 'crafttweaker:new_crusader_armor_legs' that outputs: '<item:paladins:crusader_armor_legs>'
[10:58:53.224][INFO][CraftTweaker]: Adding 'minecraft:crafting' recipe, of type: "shaped", with name: 'crafttweaker:new_crusader_armor_feet' that outputs: '<item:paladins:crusader_armor_feet>'
[10:58:53.224][INFO][CraftTweaker]: Removing 'crafting' recipes with output: '<item:rogues:warrior_armor_chest>'
[10:58:53.225][INFO][CraftTweaker]: Removing 'crafting' recipes with output: '<item:rogues:warrior_armor_legs>'
[10:58:53.225][INFO][CraftTweaker]: Removing 'crafting' recipes with output: '<item:rogues:berserker_armor_head>'
[10:58:53.226][INFO][CraftTweaker]: Removing 'crafting' recipes with output: '<item:rogues:berserker_armor_chest>'
[10:58:53.227][INFO][CraftTweaker]: Removing 'crafting' recipes with output: '<item:rogues:berserker_armor_legs>'
[10:58:53.227][INFO][CraftTweaker]: Removing 'crafting' recipes with output: '<item:rogues:berserker_armor_feet>'
[10:58:53.228][INFO][CraftTweaker]: Adding 'minecraft:crafting' recipe, of type: "shaped", with name: 'crafttweaker:new_warrior_armor_chest' that outputs: '<item:rogues:warrior_armor_chest>'
[10:58:53.228][INFO][CraftTweaker]: Adding 'minecraft:crafting' recipe, of type: "shaped", with name: 'crafttweaker:new_warrior_armor_legs' that outputs: '<item:rogues:warrior_armor_legs>'
[10:58:53.228][INFO][CraftTweaker]: Adding 'minecraft:crafting' recipe, of type: "shaped", with name: 'crafttweaker:new_berserker_armor_head' that outputs: '<item:rogues:berserker_armor_head>'
[10:58:53.228][INFO][CraftTweaker]: Adding 'minecraft:crafting' recipe, of type: "shaped", with name: 'crafttweaker:new_berserker_armor_chest' that outputs: '<item:rogues:berserker_armor_chest>'
[10:58:53.229][INFO][CraftTweaker]: Adding 'minecraft:crafting' recipe, of type: "shaped", with name: 'crafttweaker:new_berserker_armor_legs' that outputs: '<item:rogues:berserker_armor_legs>'
[10:58:53.229][INFO][CraftTweaker]: Adding 'minecraft:crafting' recipe, of type: "shaped", with name: 'crafttweaker:new_berserker_armor_feet' that outputs: '<item:rogues:berserker_armor_feet>'
[10:58:53.230][INFO][CraftTweaker]: Removing 'crafting' recipes with output: '<item:immersive_aircraft:hull>'
[10:58:53.231][INFO][CraftTweaker]: Adding 'minecraft:crafting' recipe, of type: "shaped", with name: 'crafttweaker:immersive_aircraft_hull' that outputs: '<item:immersive_aircraft:hull>'
[10:58:53.231][INFO][CraftTweaker]: Removing 'crafting' recipes with output: '<item:immersive_aircraft:hull_reinforcement>'
[10:58:53.232][INFO][CraftTweaker]: Adding 'minecraft:crafting' recipe, of type: "shaped", with name: 'crafttweaker:immersive_aircraft_hull_reinforcement' that outputs: '<item:immersive_aircraft:hull_reinforcement>'
[10:58:53.232][INFO][CraftTweaker]: Removing 'crafting' recipes with output: '<item:immersive_aircraft:boiler>'
[10:58:53.234][INFO][CraftTweaker]: Adding 'minecraft:crafting' recipe, of type: "shaped", with name: 'crafttweaker:immersive_aircraft_boiler' that outputs: '<item:immersive_aircraft:boiler>'
[10:58:53.234][INFO][CraftTweaker]: Removing 'crafting' recipes with output: '<item:immersive_aircraft:engine>'
[10:58:53.235][INFO][CraftTweaker]: Adding 'minecraft:crafting' recipe, of type: "shaped", with name: 'crafttweaker:immersive_aircraft_engine' that outputs: '<item:immersive_aircraft:engine>'
[10:58:53.235][INFO][CraftTweaker]: Removing 'crafting' recipes with output: '<item:immersive_aircraft:eco_engine>'
[10:58:53.235][INFO][CraftTweaker]: Adding 'minecraft:crafting' recipe, of type: "shaped", with name: 'crafttweaker:immersive_aircraft_eco_engine' that outputs: '<item:immersive_aircraft:eco_engine>'
[10:58:53.235][INFO][CraftTweaker]: Removing 'crafting' recipes with output: '<item:immersive_aircraft:propeller>'
[10:58:53.236][INFO][CraftTweaker]: Adding 'minecraft:crafting' recipe, of type: "shaped", with name: 'crafttweaker:immersive_aircraft_propeller' that outputs: '<item:immersive_aircraft:propeller>'
[10:58:53.236][INFO][CraftTweaker]: Removing 'crafting' recipes with output: '<item:immersive_aircraft:enhanced_propeller>'
[10:58:53.236][INFO][CraftTweaker]: Adding 'minecraft:crafting' recipe, of type: "shaped", with name: 'crafttweaker:immersive_aircraft_enhanced_propeller' that outputs: '<item:immersive_aircraft:enhanced_propeller>'
[10:58:53.236][INFO][CraftTweaker]: Removing 'crafting' recipes with output: '<item:immersive_aircraft:industrial_gears>'
[10:58:53.237][INFO][CraftTweaker]: Adding 'minecraft:crafting' recipe, of type: "shaped", with name: 'crafttweaker:immersive_aircraft_industrial_gears' that outputs: '<item:immersive_aircraft:industrial_gears>'
[10:58:53.237][INFO][CraftTweaker]: Removing 'crafting' recipes with output: '<item:immersive_aircraft:steel_boiler>'
[10:58:53.237][INFO][CraftTweaker]: Adding 'minecraft:crafting' recipe, of type: "shaped", with name: 'crafttweaker:immersive_aircraft_steel_boiler' that outputs: '<item:immersive_aircraft:steel_boiler>'
[10:58:53.237][INFO][CraftTweaker]: Removing 'crafting' recipes with output: '<item:immersive_machinery:copperfin>'
[10:58:53.237][INFO][CraftTweaker]: Adding 'minecraft:crafting' recipe, of type: "shaped", with name: 'crafttweaker:immersive_aircraft_copperfin' that outputs: '<item:immersive_machinery:copperfin>'
[10:58:53.237][INFO][CraftTweaker]: Removing 'crafting' recipes with output: '<item:immersive_machinery:tunnel_digger>'
[10:58:53.238][INFO][CraftTweaker]: Adding 'minecraft:crafting' recipe, of type: "shaped", with name: 'crafttweaker:immersive_aircraft_tunnel_digger' that outputs: '<item:immersive_machinery:tunnel_digger>'
[10:58:53.238][INFO][CraftTweaker]: Removing 'crafting' recipes with output: '<item:immersive_machinery:iron_drill>'
[10:58:53.239][INFO][CraftTweaker]: Adding 'minecraft:crafting' recipe, of type: "shaped", with name: 'crafttweaker:immersive_aircraft_iron_drill' that outputs: '<item:immersive_machinery:iron_drill>'
[10:58:53.239][INFO][CraftTweaker]: Removing 'crafting' recipes with output: '<item:paladins:stone_claymore>'
[10:58:53.239][INFO][CraftTweaker]: Removing 'crafting' recipes with output: '<item:paladins:wooden_great_hammer>'
[10:58:53.240][INFO][CraftTweaker]: Removing 'crafting' recipes with output: '<item:paladins:stone_great_hammer>'
[10:58:53.240][INFO][CraftTweaker]: Removing 'crafting' recipes with output: '<item:paladins:golden_claymore>'
[10:58:53.240][INFO][CraftTweaker]: Removing 'crafting' recipes with output: '<item:paladins:golden_great_hammer>'
[10:58:53.241][INFO][CraftTweaker]: Removing 'crafting' recipes with output: '<item:paladins:golden_mace>'
[10:58:53.241][INFO][CraftTweaker]: Removing 'crafting' recipes with output: '<item:paladins:golden_kite_shield>'
[10:58:53.241][INFO][CraftTweaker]: Adding 'minecraft:crafting' recipe, of type: "shaped", with name: 'crafttweaker:new_golden_claymore' that outputs: '<item:paladins:golden_claymore>'
[10:58:53.241][INFO][CraftTweaker]: Adding 'minecraft:crafting' recipe, of type: "shaped", with name: 'crafttweaker:new_golden_great_hammer' that outputs: '<item:paladins:golden_great_hammer>'
[10:58:53.242][INFO][CraftTweaker]: Adding 'minecraft:crafting' recipe, of type: "shaped", with name: 'crafttweaker:new_golden_mace' that outputs: '<item:paladins:golden_mace>'
[10:58:53.242][INFO][CraftTweaker]: Adding 'minecraft:crafting' recipe, of type: "shaped", with name: 'crafttweaker:new_golden_kite_shield' that outputs: '<item:paladins:golden_kite_shield>'
[10:58:53.242][INFO][CraftTweaker]: Removing 'crafting' recipes with output: '<item:paladins:diamond_claymore>'
[10:58:53.242][INFO][CraftTweaker]: Removing 'crafting' recipes with output: '<item:paladins:diamond_great_hammer>'
[10:58:53.242][INFO][CraftTweaker]: Removing 'crafting' recipes with output: '<item:paladins:diamond_mace>'
[10:58:53.243][INFO][CraftTweaker]: Removing 'crafting' recipes with output: '<item:paladins:diamond_kite_shield>'
[10:58:53.243][INFO][CraftTweaker]: Adding 'minecraft:crafting' recipe, of type: "shaped", with name: 'crafttweaker:new_diamond_claymore' that outputs: '<item:paladins:diamond_claymore>'
[10:58:53.243][INFO][CraftTweaker]: Adding 'minecraft:crafting' recipe, of type: "shaped", with name: 'crafttweaker:new_diamond_great_hammer' that outputs: '<item:paladins:diamond_great_hammer>'
[10:58:53.243][INFO][CraftTweaker]: Adding 'minecraft:crafting' recipe, of type: "shaped", with name: 'crafttweaker:new_diamond_mace' that outputs: '<item:paladins:diamond_mace>'
[10:58:53.243][INFO][CraftTweaker]: Adding 'minecraft:crafting' recipe, of type: "shaped", with name: 'crafttweaker:new_diamond_kite_shield' that outputs: '<item:paladins:diamond_kite_shield>'
[10:58:53.243][INFO][CraftTweaker]: Removing 'crafting' recipes with output: '<item:paladins:iron_claymore>'
[10:58:53.244][INFO][CraftTweaker]: Removing 'crafting' recipes with output: '<item:paladins:iron_great_hammer>'
[10:58:53.244][INFO][CraftTweaker]: Removing 'crafting' recipes with output: '<item:paladins:iron_mace>'
[10:58:53.244][INFO][CraftTweaker]: Removing 'crafting' recipes with output: '<item:paladins:iron_kite_shield>'
[10:58:53.245][INFO][CraftTweaker]: Adding 'minecraft:crafting' recipe, of type: "shaped", with name: 'crafttweaker:new_iron_claymore' that outputs: '<item:paladins:iron_claymore>'
[10:58:53.245][INFO][CraftTweaker]: Adding 'minecraft:crafting' recipe, of type: "shaped", with name: 'crafttweaker:new_iron_great_hammer' that outputs: '<item:paladins:iron_great_hammer>'
[10:58:53.245][INFO][CraftTweaker]: Adding 'minecraft:crafting' recipe, of type: "shaped", with name: 'crafttweaker:new_iron_mace' that outputs: '<item:paladins:iron_mace>'
[10:58:53.245][INFO][CraftTweaker]: Adding 'minecraft:crafting' recipe, of type: "shaped", with name: 'crafttweaker:new_iron_kite_shield' that outputs: '<item:paladins:iron_kite_shield>'
[10:58:53.245][INFO][CraftTweaker]: Removing 'crafting' recipes with output: '<item:paladins:aeternium_claymore>'
[10:58:53.245][INFO][CraftTweaker]: Removing 'crafting' recipes with output: '<item:paladins:aeternium_great_hammer>'
[10:58:53.246][INFO][CraftTweaker]: Removing 'crafting' recipes with output: '<item:paladins:aeternium_mace>'
[10:58:53.246][INFO][CraftTweaker]: Removing 'crafting' recipes with output: '<item:paladins:aeternium_kite_shield>'
[10:58:53.246][INFO][CraftTweaker]: Adding 'minecraft:smithing' recipe, of type: "transform", with name: 'crafttweaker:netherite_to_aeternium_claymore' that outputs: '<item:paladins:aeternium_claymore>'
[10:58:53.247][INFO][CraftTweaker]: Adding 'minecraft:smithing' recipe, of type: "transform", with name: 'crafttweaker:netherite_to_aeternium_great_hammer' that outputs: '<item:paladins:aeternium_great_hammer>'
[10:58:53.247][INFO][CraftTweaker]: Adding 'minecraft:smithing' recipe, of type: "transform", with name: 'crafttweaker:netherite_to_aeternium_mace' that outputs: '<item:paladins:aeternium_mace>'
[10:58:53.247][INFO][CraftTweaker]: Adding 'minecraft:smithing' recipe, of type: "transform", with name: 'crafttweaker:netherite_to_aeternium_kite_shield' that outputs: '<item:paladins:aeternium_kite_shield>'
[10:58:53.247][INFO][CraftTweaker]: Removing 'crafting' recipes with output: '<item:paladins:ruby_claymore>'
[10:58:53.247][INFO][CraftTweaker]: Removing 'crafting' recipes with output: '<item:paladins:ruby_great_hammer>'
[10:58:53.247][INFO][CraftTweaker]: Removing 'crafting' recipes with output: '<item:paladins:ruby_mace>'
[10:58:53.248][INFO][CraftTweaker]: Removing 'crafting' recipes with output: '<item:paladins:ruby_kite_shield>'
[10:58:53.248][INFO][CraftTweaker]: Removing 'smithing' recipes with output: '<item:paladins:ruby_claymore>'
[10:58:53.250][INFO][CraftTweaker]: Removing 'smithing' recipes with output: '<item:paladins:ruby_great_hammer>'
[10:58:53.251][INFO][CraftTweaker]: Removing 'smithing' recipes with output: '<item:paladins:ruby_mace>'
[10:58:53.251][INFO][CraftTweaker]: Removing 'smithing' recipes with output: '<item:paladins:ruby_kite_shield>'
[10:58:53.251][INFO][CraftTweaker]: Adding 'minecraft:smithing' recipe, of type: "transform", with name: 'crafttweaker:netherite_to_ruby_claymore' that outputs: '<item:paladins:ruby_claymore>'
[10:58:53.251][INFO][CraftTweaker]: Adding 'minecraft:smithing' recipe, of type: "transform", with name: 'crafttweaker:netherite_to_ruby_great_hammer' that outputs: '<item:paladins:ruby_great_hammer>'
[10:58:53.251][INFO][CraftTweaker]: Adding 'minecraft:smithing' recipe, of type: "transform", with name: 'crafttweaker:netherite_to_ruby_mace' that outputs: '<item:paladins:ruby_mace>'
[10:58:53.251][INFO][CraftTweaker]: Adding 'minecraft:smithing' recipe, of type: "transform", with name: 'crafttweaker:netherite_to_ruby_kite_shield' that outputs: '<item:paladins:ruby_kite_shield>'
[10:58:53.252][INFO][CraftTweaker]: Removing 'crafting' recipes with output: '<item:rogues:stone_double_axe>'
[10:58:53.252][INFO][CraftTweaker]: Removing 'crafting' recipes with output: '<item:rogues:golden_dagger>'
[10:58:53.253][INFO][CraftTweaker]: Adding 'minecraft:crafting' recipe, of type: "shaped", with name: 'crafttweaker:new_golden_dagger' that outputs: '<item:rogues:golden_dagger>'
[10:58:53.253][INFO][CraftTweaker]: Removing 'crafting' recipes with output: '<item:rogues:diamond_dagger>'
[10:58:53.253][INFO][CraftTweaker]: Adding 'minecraft:crafting' recipe, of type: "shaped", with name: 'crafttweaker:new_diamond_dagger' that outputs: '<item:rogues:diamond_dagger>'
[10:58:53.253][INFO][CraftTweaker]: Removing 'crafting' recipes with output: '<item:rogues:flint_dagger>'
[10:58:53.253][INFO][CraftTweaker]: Adding 'minecraft:crafting' recipe, of type: "shaped", with name: 'crafttweaker:new_flint_dagger' that outputs: '<item:rogues:flint_dagger>'
[10:58:53.254][INFO][CraftTweaker]: Removing 'crafting' recipes with output: '<item:rogues:iron_dagger>'
[10:58:53.254][INFO][CraftTweaker]: Adding 'minecraft:crafting' recipe, of type: "shaped", with name: 'crafttweaker:new_iron_dagger' that outputs: '<item:rogues:iron_dagger>'
[10:58:53.254][INFO][CraftTweaker]: Removing 'crafting' recipes with output: '<item:rogues:golden_sickle>'
[10:58:53.254][INFO][CraftTweaker]: Adding 'minecraft:crafting' recipe, of type: "shaped", with name: 'crafttweaker:new_golden_sickle' that outputs: '<item:rogues:golden_sickle>'
[10:58:53.254][INFO][CraftTweaker]: Removing 'crafting' recipes with output: '<item:rogues:golden_double_axe>'
[10:58:53.255][INFO][CraftTweaker]: Adding 'minecraft:crafting' recipe, of type: "shaped", with name: 'crafttweaker:new_golden_double_axe' that outputs: '<item:rogues:golden_double_axe>'
[10:58:53.255][INFO][CraftTweaker]: Removing 'crafting' recipes with output: '<item:rogues:golden_glaive>'
[10:58:53.255][INFO][CraftTweaker]: Adding 'minecraft:crafting' recipe, of type: "shaped", with name: 'crafttweaker:new_golden_glaive' that outputs: '<item:rogues:golden_glaive>'
[10:58:53.255][INFO][CraftTweaker]: Removing 'crafting' recipes with output: '<item:rogues:diamond_sickle>'
[10:58:53.255][INFO][CraftTweaker]: Adding 'minecraft:crafting' recipe, of type: "shaped", with name: 'crafttweaker:new_diamond_sickle' that outputs: '<item:rogues:diamond_sickle>'
[10:58:53.255][INFO][CraftTweaker]: Removing 'crafting' recipes with output: '<item:rogues:diamond_double_axe>'
[10:58:53.255][INFO][CraftTweaker]: Adding 'minecraft:crafting' recipe, of type: "shaped", with name: 'crafttweaker:new_diamond_double_axe' that outputs: '<item:rogues:diamond_double_axe>'
[10:58:53.256][INFO][CraftTweaker]: Removing 'crafting' recipes with output: '<item:rogues:diamond_glaive>'
[10:58:53.256][INFO][CraftTweaker]: Adding 'minecraft:crafting' recipe, of type: "shaped", with name: 'crafttweaker:new_diamond_glaive' that outputs: '<item:rogues:diamond_glaive>'
[10:58:53.256][INFO][CraftTweaker]: Removing 'crafting' recipes with output: '<item:rogues:iron_sickle>'
[10:58:53.256][INFO][CraftTweaker]: Adding 'minecraft:crafting' recipe, of type: "shaped", with name: 'crafttweaker:new_iron_sickle' that outputs: '<item:rogues:iron_sickle>'
[10:58:53.256][INFO][CraftTweaker]: Removing 'crafting' recipes with output: '<item:rogues:iron_double_axe>'
[10:58:53.257][INFO][CraftTweaker]: Adding 'minecraft:crafting' recipe, of type: "shaped", with name: 'crafttweaker:new_iron_double_axe' that outputs: '<item:rogues:iron_double_axe>'
[10:58:53.257][INFO][CraftTweaker]: Removing 'crafting' recipes with output: '<item:rogues:iron_glaive>'
[10:58:53.257][INFO][CraftTweaker]: Adding 'minecraft:crafting' recipe, of type: "shaped", with name: 'crafttweaker:new_iron_glaive' that outputs: '<item:rogues:iron_glaive>'
[10:58:53.257][INFO][CraftTweaker]: Adding 'minecraft:smithing' recipe, of type: "transform", with name: 'crafttweaker:ruby_to_glaive' that outputs: '<item:rogues:ruby_glaive>'
[10:58:53.257][INFO][CraftTweaker]: Adding 'minecraft:smithing' recipe, of type: "transform", with name: 'crafttweaker:ruby_to_double_axe' that outputs: '<item:rogues:ruby_double_axe>'
[10:58:53.257][INFO][CraftTweaker]: Adding 'minecraft:smithing' recipe, of type: "transform", with name: 'crafttweaker:ruby_to_sickle' that outputs: '<item:rogues:ruby_sickle>'
[10:58:53.257][INFO][CraftTweaker]: Adding 'minecraft:smithing' recipe, of type: "transform", with name: 'crafttweaker:ruby_to_dagger' that outputs: '<item:rogues:ruby_dagger>'
[10:58:53.257][INFO][CraftTweaker]: Removing 'crafting' recipes with output: '<item:rogues:ruby_glaive>'
[10:58:53.258][INFO][CraftTweaker]: Removing 'crafting' recipes with output: '<item:rogues:ruby_double_axe>'
[10:58:53.258][INFO][CraftTweaker]: Removing 'crafting' recipes with output: '<item:rogues:ruby_sickle>'
[10:58:53.258][INFO][CraftTweaker]: Removing 'crafting' recipes with output: '<item:rogues:ruby_dagger>'
[10:58:53.259][INFO][CraftTweaker]: Removing 'crafting' recipes with output: '<item:rogues:aeternium_glaive>'
[10:58:53.259][INFO][CraftTweaker]: Removing 'crafting' recipes with output: '<item:rogues:aeternium_double_axe>'
[10:58:53.259][INFO][CraftTweaker]: Removing 'crafting' recipes with output: '<item:rogues:aeternium_sickle>'
[10:58:53.259][INFO][CraftTweaker]: Removing 'crafting' recipes with output: '<item:rogues:aeternium_dagger>'
[10:58:53.260][INFO][CraftTweaker]: Adding 'minecraft:smithing' recipe, of type: "transform", with name: 'crafttweaker:netherite_to_aeternium_glaive' that outputs: '<item:rogues:aeternium_glaive>'
[10:58:53.260][INFO][CraftTweaker]: Adding 'minecraft:smithing' recipe, of type: "transform", with name: 'crafttweaker:netherite_to_aeternium_double_axe' that outputs: '<item:rogues:aeternium_double_axe>'
[10:58:53.260][INFO][CraftTweaker]: Adding 'minecraft:smithing' recipe, of type: "transform", with name: 'crafttweaker:netherite_to_aeternium_sickle' that outputs: '<item:rogues:aeternium_sickle>'
[10:58:53.260][INFO][CraftTweaker]: Adding 'minecraft:smithing' recipe, of type: "transform", with name: 'crafttweaker:netherite_to_aeternium_dagger' that outputs: '<item:rogues:aeternium_dagger>'
[10:58:53.260][INFO][CraftTweaker-ZenCode]: Execution for loader 'crafttweaker' completed successfully
[10:58:53.262][INFO][CraftTweaker]: CraftTweaker reload complete!
[10:58:53.262][INFO][CraftTweaker]: This reload was made possible by NickT and more! Become a patron at https://patreon.com/jaredlll08?s=crtmod
